# JRE version: OpenJDK Runtime Environment GraalVM CE 22.3.0 (17.0.5+8) (build 17.0.5+8-jvmci-22.3-b08)
# Java VM: OpenJDK 64-Bit Server VM GraalVM CE 22.3.0 (17.0.5+8-jvmci-22.3-b08, mixed mode, sharing, tiered, jvmci, jvmci compiler, compressed oops, compressed class ptrs, parallel gc, linux-amd64)
GC Precious Log:
 CPUs: 8 total, 1 available
 Memory: 1024M
 Large Page Support: Disabled
 NUMA Support: Disabled
 Compressed Oops: Enabled (32-bit)
 Alignments: Space 512K, Generation 512K, Heap 2M
 Heap Min Capacity: 100M
 Heap Initial Capacity: 100M
 Heap Max Capacity: 512M
 Pre-touch: Disabled
 Parallel Workers: 1
Heap:
 PSYoungGen      total 48640K, used 37375K [0x00000000f5580000, 0x00000000f9100000, 0x0000000100000000)
  eden space 37376K, 99% used [0x00000000f5580000,0x00000000f79ffff8,0x00000000f7a00000)
  from space 11264K, 0% used [0x00000000f7d80000,0x00000000f7d80000,0x00000000f8880000)
  to   space 6656K, 0% used [0x00000000f8a80000,0x00000000f8a80000,0x00000000f9100000)
 ParOldGen       total 349696K, used 349694K [0x00000000e0000000, 0x00000000f5580000, 0x00000000f5580000)
  object space 349696K, 99% used [0x00000000e0000000,0x00000000f557f900,0x00000000f5580000)
 Metaspace       used 54429K, committed 55232K, reserved 1105920K
  class space    used 5109K, committed 5504K, reserved 1048576K
GC Heap History (20 events):
Event: 1474.732 GC heap before
{Heap before GC invocations=670 (full 606):
 PSYoungGen      total 48640K, used 37376K [0x00000000f5580000, 0x00000000f9100000, 0x0000000100000000)
  eden space 37376K, 100% used [0x00000000f5580000,0x00000000f7a00000,0x00000000f7a00000)
  from space 11264K, 0% used [0x00000000f7d80000,0x00000000f7d80000,0x00000000f8880000)
  to   space 6656K, 0% used [0x00000000f8a80000,0x00000000f8a80000,0x00000000f9100000)
 ParOldGen       total 349696K, used 349695K [0x00000000e0000000, 0x00000000f5580000, 0x00000000f5580000)
  object space 349696K, 99% used [0x00000000e0000000,0x00000000f557ffe0,0x00000000f5580000)
 Metaspace       used 54429K, committed 55232K, reserved 1105920K
  class space    used 5109K, committed 5504K, reserved 1048576K
}
Event: 1477.014 GC heap after
{Heap after GC invocations=670 (full 606):
 PSYoungGen      total 44032K, used 37375K [0x00000000f5580000, 0x00000000f9100000, 0x0000000100000000)
  eden space 37376K, 99% used [0x00000000f5580000,0x00000000f79fffc0,0x00000000f7a00000)
  from space 6656K, 0% used [0x00000000f8a80000,0x00000000f8a80000,0x00000000f9100000)
  to   space 11264K, 0% used [0x00000000f7d80000,0x00000000f7d80000,0x00000000f8880000)
 ParOldGen       total 349696K, used 349695K [0x00000000e0000000, 0x00000000f5580000, 0x00000000f5580000)
  object space 349696K, 99% used [0x00000000e0000000,0x00000000f557fc48,0x00000000f5580000)
 Metaspace       used 54429K, committed 55232K, reserved 1105920K
  class space    used 5109K, committed 5504K, reserved 1048576K
}
Event: 1477.014 GC heap before
{Heap before GC invocations=671 (full 607):
 PSYoungGen      total 44032K, used 37376K [0x00000000f5580000, 0x00000000f9100000, 0x0000000100000000)
  eden space 37376K, 100% used [0x00000000f5580000,0x00000000f7a00000,0x00000000f7a00000)
  from space 6656K, 0% used [0x00000000f8a80000,0x00000000f8a80000,0x00000000f9100000)
  to   space 11264K, 0% used [0x00000000f7d80000,0x00000000f7d80000,0x00000000f8880000)
 ParOldGen       total 349696K, used 349695K [0x00000000e0000000, 0x00000000f5580000, 0x00000000f5580000)
  object space 349696K, 99% used [0x00000000e0000000,0x00000000f557fc48,0x00000000f5580000)
 Metaspace       used 54429K, committed 55232K, reserved 1105920K
  class space    used 5109K, committed 5504K, reserved 1048576K
}
Event: 1479.321 GC heap after
{Heap after GC invocations=671 (full 607):
 PSYoungGen      total 48640K, used 37376K [0x00000000f5580000, 0x00000000f9100000, 0x0000000100000000)
  eden space 37376K, 100% used [0x00000000f5580000,0x00000000f7a00000,0x00000000f7a00000)
  from space 11264K, 0% used [0x00000000f7d80000,0x00000000f7d80000,0x00000000f8880000)
  to   space 6656K, 0% used [0x00000000f8a80000,0x00000000f8a80000,0x00000000f9100000)
 ParOldGen       total 349696K, used 349695K [0x00000000e0000000, 0x00000000f5580000, 0x00000000f5580000)
  object space 349696K, 99% used [0x00000000e0000000,0x00000000f557fc48,0x00000000f5580000)
 Metaspace       used 54429K, committed 55232K, reserved 1105920K
  class space    used 5109K, committed 5504K, reserved 1048576K
}
Event: 1479.329 GC heap before
{Heap before GC invocations=672 (full 608):
 PSYoungGen      total 48640K, used 37376K [0x00000000f5580000, 0x00000000f9100000, 0x0000000100000000)
  eden space 37376K, 100% used [0x00000000f5580000,0x00000000f7a00000,0x00000000f7a00000)
  from space 11264K, 0% used [0x00000000f7d80000,0x00000000f7d80000,0x00000000f8880000)
  to   space 6656K, 0% used [0x00000000f8a80000,0x00000000f8a80000,0x00000000f9100000)
 ParOldGen       total 349696K, used 349695K [0x00000000e0000000, 0x00000000f5580000, 0x00000000f5580000)
  object space 349696K, 99% used [0x00000000e0000000,0x00000000f557fff8,0x00000000f5580000)
 Metaspace       used 54429K, committed 55232K, reserved 1105920K
  class space    used 5109K, committed 5504K, reserved 1048576K
}
Event: 1481.319 GC heap after
{Heap after GC invocations=672 (full 608):
 PSYoungGen      total 44032K, used 37375K [0x00000000f5580000, 0x00000000f9100000, 0x0000000100000000)
  eden space 37376K, 99% used [0x00000000f5580000,0x00000000f79fffc0,0x00000000f7a00000)
  from space 6656K, 0% used [0x00000000f8a80000,0x00000000f8a80000,0x00000000f9100000)
  to   space 11264K, 0% used [0x00000000f7d80000,0x00000000f7d80000,0x00000000f8880000)
 ParOldGen       total 349696K, used 349695K [0x00000000e0000000, 0x00000000f5580000, 0x00000000f5580000)
  object space 349696K, 99% used [0x00000000e0000000,0x00000000f557fdc0,0x00000000f5580000)
 Metaspace       used 54429K, committed 55232K, reserved 1105920K
  class space    used 5109K, committed 5504K, reserved 1048576K
}
Event: 1481.319 GC heap before
{Heap before GC invocations=673 (full 609):
 PSYoungGen      total 44032K, used 37375K [0x00000000f5580000, 0x00000000f9100000, 0x0000000100000000)
  eden space 37376K, 99% used [0x00000000f5580000,0x00000000f79ffff8,0x00000000f7a00000)
  from space 6656K, 0% used [0x00000000f8a80000,0x00000000f8a80000,0x00000000f9100000)
  to   space 11264K, 0% used [0x00000000f7d80000,0x00000000f7d80000,0x00000000f8880000)
 ParOldGen       total 349696K, used 349695K [0x00000000e0000000, 0x00000000f5580000, 0x00000000f5580000)
  object space 349696K, 99% used [0x00000000e0000000,0x00000000f557fdc0,0x00000000f5580000)
 Metaspace       used 54429K, committed 55232K, reserved 1105920K
  class space    used 5109K, committed 5504K, reserved 1048576K
}
Event: 1483.489 GC heap after
{Heap after GC invocations=673 (full 609):
 PSYoungGen      total 48640K, used 37375K [0x00000000f5580000, 0x00000000f9100000, 0x0000000100000000)
  eden space 37376K, 99% used [0x00000000f5580000,0x00000000f79fffd8,0x00000000f7a00000)
  from space 11264K, 0% used [0x00000000f7d80000,0x00000000f7d80000,0x00000000f8880000)
  to   space 6656K, 0% used [0x00000000f8a80000,0x00000000f8a80000,0x00000000f9100000)
 ParOldGen       total 349696K, used 349695K [0x00000000e0000000, 0x00000000f5580000, 0x00000000f5580000)
  object space 349696K, 99% used [0x00000000e0000000,0x00000000f557fda0,0x00000000f5580000)
 Metaspace       used 54429K, committed 55232K, reserved 1105920K
  class space    used 5109K, committed 5504K, reserved 1048576K
}
Event: 1483.493 GC heap before
{Heap before GC invocations=674 (full 610):
 PSYoungGen      total 48640K, used 37375K [0x00000000f5580000, 0x00000000f9100000, 0x0000000100000000)
  eden space 37376K, 99% used [0x00000000f5580000,0x00000000f79ffff0,0x00000000f7a00000)
  from space 11264K, 0% used [0x00000000f7d80000,0x00000000f7d80000,0x00000000f8880000)
  to   space 6656K, 0% used [0x00000000f8a80000,0x00000000f8a80000,0x00000000f9100000)
 ParOldGen       total 349696K, used 349695K [0x00000000e0000000, 0x00000000f5580000, 0x00000000f5580000)
  object space 349696K, 99% used [0x00000000e0000000,0x00000000f557fda0,0x00000000f5580000)
 Metaspace       used 54429K, committed 55232K, reserved 1105920K
  class space    used 5109K, committed 5504K, reserved 1048576K
}
Event: 1485.690 GC heap after
{Heap after GC invocations=674 (full 610):
 PSYoungGen      total 44032K, used 37375K [0x00000000f5580000, 0x00000000f9100000, 0x0000000100000000)
  eden space 37376K, 99% used [0x00000000f5580000,0x00000000f79ffff0,0x00000000f7a00000)
  from space 6656K, 0% used [0x00000000f8a80000,0x00000000f8a80000,0x00000000f9100000)
  to   space 11264K, 0% used [0x00000000f7d80000,0x00000000f7d80000,0x00000000f8880000)
 ParOldGen       total 349696K, used 349695K [0x00000000e0000000, 0x00000000f5580000, 0x00000000f5580000)
  object space 349696K, 99% used [0x00000000e0000000,0x00000000f557fda0,0x00000000f5580000)
 Metaspace       used 54429K, committed 55232K, reserved 1105920K
  class space    used 5109K, committed 5504K, reserved 1048576K
}
Event: 1485.691 GC heap before
{Heap before GC invocations=675 (full 611):
 PSYoungGen      total 44032K, used 37376K [0x00000000f5580000, 0x00000000f9100000, 0x0000000100000000)
  eden space 37376K, 100% used [0x00000000f5580000,0x00000000f7a00000,0x00000000f7a00000)
  from space 6656K, 0% used [0x00000000f8a80000,0x00000000f8a80000,0x00000000f9100000)
  to   space 11264K, 0% used [0x00000000f7d80000,0x00000000f7d80000,0x00000000f8880000)
 ParOldGen       total 349696K, used 349695K [0x00000000e0000000, 0x00000000f5580000, 0x00000000f5580000)
  object space 349696K, 99% used [0x00000000e0000000,0x00000000f557fff8,0x00000000f5580000)
 Metaspace       used 54429K, committed 55232K, reserved 1105920K
  class space    used 5109K, committed 5504K, reserved 1048576K
}
Event: 1488.018 GC heap after
{Heap after GC invocations=675 (full 611):
 PSYoungGen      total 48640K, used 37375K [0x00000000f5580000, 0x00000000f9100000, 0x0000000100000000)
  eden space 37376K, 99% used [0x00000000f5580000,0x00000000f79ffff0,0x00000000f7a00000)
  from space 11264K, 0% used [0x00000000f7d80000,0x00000000f7d80000,0x00000000f8880000)
  to   space 6656K, 0% used [0x00000000f8a80000,0x00000000f8a80000,0x00000000f9100000)
 ParOldGen       total 349696K, used 349695K [0x00000000e0000000, 0x00000000f5580000, 0x00000000f5580000)
  object space 349696K, 99% used [0x00000000e0000000,0x00000000f557fe58,0x00000000f5580000)
 Metaspace       used 54429K, committed 55232K, reserved 1105920K
  class space    used 5109K, committed 5504K, reserved 1048576K
}
Event: 1488.019 GC heap before
{Heap before GC invocations=676 (full 612):
 PSYoungGen      total 48640K, used 37376K [0x00000000f5580000, 0x00000000f9100000, 0x0000000100000000)
  eden space 37376K, 100% used [0x00000000f5580000,0x00000000f7a00000,0x00000000f7a00000)
  from space 11264K, 0% used [0x00000000f7d80000,0x00000000f7d80000,0x00000000f8880000)
  to   space 6656K, 0% used [0x00000000f8a80000,0x00000000f8a80000,0x00000000f9100000)
 ParOldGen       total 349696K, used 349695K [0x00000000e0000000, 0x00000000f5580000, 0x00000000f5580000)
  object space 349696K, 99% used [0x00000000e0000000,0x00000000f557fe58,0x00000000f5580000)
 Metaspace       used 54429K, committed 55232K, reserved 1105920K
  class space    used 5109K, committed 5504K, reserved 1048576K
}
Event: 1490.244 GC heap after
{Heap after GC invocations=676 (full 612):
 PSYoungGen      total 44032K, used 37375K [0x00000000f5580000, 0x00000000f9100000, 0x0000000100000000)
  eden space 37376K, 99% used [0x00000000f5580000,0x00000000f79ffff0,0x00000000f7a00000)
  from space 6656K, 0% used [0x00000000f8a80000,0x00000000f8a80000,0x00000000f9100000)
  to   space 11264K, 0% used [0x00000000f7d80000,0x00000000f7d80000,0x00000000f8880000)
 ParOldGen       total 349696K, used 349695K [0x00000000e0000000, 0x00000000f5580000, 0x00000000f5580000)
  object space 349696K, 99% used [0x00000000e0000000,0x00000000f557fe38,0x00000000f5580000)
 Metaspace       used 54429K, committed 55232K, reserved 1105920K
  class space    used 5109K, committed 5504K, reserved 1048576K
}
Event: 1490.245 GC heap before
{Heap before GC invocations=677 (full 613):
 PSYoungGen      total 44032K, used 37376K [0x00000000f5580000, 0x00000000f9100000, 0x0000000100000000)
  eden space 37376K, 100% used [0x00000000f5580000,0x00000000f7a00000,0x00000000f7a00000)
  from space 6656K, 0% used [0x00000000f8a80000,0x00000000f8a80000,0x00000000f9100000)
  to   space 11264K, 0% used [0x00000000f7d80000,0x00000000f7d80000,0x00000000f8880000)
 ParOldGen       total 349696K, used 349695K [0x00000000e0000000, 0x00000000f5580000, 0x00000000f5580000)
  object space 349696K, 99% used [0x00000000e0000000,0x00000000f557fe38,0x00000000f5580000)
 Metaspace       used 54429K, committed 55232K, reserved 1105920K
  class space    used 5109K, committed 5504K, reserved 1048576K
}
Event: 1492.441 GC heap after
{Heap after GC invocations=677 (full 613):
 PSYoungGen      total 48640K, used 37375K [0x00000000f5580000, 0x00000000f9100000, 0x0000000100000000)
  eden space 37376K, 99% used [0x00000000f5580000,0x00000000f79ffff0,0x00000000f7a00000)
  from space 11264K, 0% used [0x00000000f7d80000,0x00000000f7d80000,0x00000000f8880000)
  to   space 6656K, 0% used [0x00000000f8a80000,0x00000000f8a80000,0x00000000f9100000)
 ParOldGen       total 349696K, used 349695K [0x00000000e0000000, 0x00000000f5580000, 0x00000000f5580000)
  object space 349696K, 99% used [0x00000000e0000000,0x00000000f557fe38,0x00000000f5580000)
 Metaspace       used 54429K, committed 55232K, reserved 1105920K
  class space    used 5109K, committed 5504K, reserved 1048576K
}
Event: 1492.441 GC heap before
{Heap before GC invocations=678 (full 614):
 PSYoungGen      total 48640K, used 37375K [0x00000000f5580000, 0x00000000f9100000, 0x0000000100000000)
  eden space 37376K, 99% used [0x00000000f5580000,0x00000000f79ffff0,0x00000000f7a00000)
  from space 11264K, 0% used [0x00000000f7d80000,0x00000000f7d80000,0x00000000f8880000)
  to   space 6656K, 0% used [0x00000000f8a80000,0x00000000f8a80000,0x00000000f9100000)
 ParOldGen       total 349696K, used 349695K [0x00000000e0000000, 0x00000000f5580000, 0x00000000f5580000)
  object space 349696K, 99% used [0x00000000e0000000,0x00000000f557fe38,0x00000000f5580000)
 Metaspace       used 54429K, committed 55232K, reserved 1105920K
  class space    used 5109K, committed 5504K, reserved 1048576K
}
Event: 1494.694 GC heap after
{Heap after GC invocations=678 (full 614):
 PSYoungGen      total 44032K, used 37375K [0x00000000f5580000, 0x00000000f9100000, 0x0000000100000000)
  eden space 37376K, 99% used [0x00000000f5580000,0x00000000f79ffff0,0x00000000f7a00000)
  from space 6656K, 0% used [0x00000000f8a80000,0x00000000f8a80000,0x00000000f9100000)
  to   space 11264K, 0% used [0x00000000f7d80000,0x00000000f7d80000,0x00000000f8880000)
 ParOldGen       total 349696K, used 349695K [0x00000000e0000000, 0x00000000f5580000, 0x00000000f5580000)
  object space 349696K, 99% used [0x00000000e0000000,0x00000000f557fe38,0x00000000f5580000)
 Metaspace       used 54429K, committed 55232K, reserved 1105920K
  class space    used 5109K, committed 5504K, reserved 1048576K
}
Event: 1494.695 GC heap before
{Heap before GC invocations=679 (full 615):
 PSYoungGen      total 44032K, used 37376K [0x00000000f5580000, 0x00000000f9100000, 0x0000000100000000)
  eden space 37376K, 100% used [0x00000000f5580000,0x00000000f7a00000,0x00000000f7a00000)
  from space 6656K, 0% used [0x00000000f8a80000,0x00000000f8a80000,0x00000000f9100000)
  to   space 11264K, 0% used [0x00000000f7d80000,0x00000000f7d80000,0x00000000f8880000)
 ParOldGen       total 349696K, used 349695K [0x00000000e0000000, 0x00000000f5580000, 0x00000000f5580000)
  object space 349696K, 99% used [0x00000000e0000000,0x00000000f557ffe0,0x00000000f5580000)
 Metaspace       used 54429K, committed 55232K, reserved 1105920K
  class space    used 5109K, committed 5504K, reserved 1048576K
}
Event: 1496.704 GC heap after
{Heap after GC invocations=679 (full 615):
 PSYoungGen      total 48640K, used 37375K [0x00000000f5580000, 0x00000000f9100000, 0x0000000100000000)
  eden space 37376K, 99% used [0x00000000f5580000,0x00000000f79fffd8,0x00000000f7a00000)
  from space 11264K, 0% used [0x00000000f7d80000,0x00000000f7d80000,0x00000000f8880000)
  to   space 6656K, 0% used [0x00000000f8a80000,0x00000000f8a80000,0x00000000f9100000)
 ParOldGen       total 349696K, used 349692K [0x00000000e0000000, 0x00000000f5580000, 0x00000000f5580000)
  object space 349696K, 99% used [0x00000000e0000000,0x00000000f557f090,0x00000000f5580000)
 Metaspace       used 54429K, committed 55232K, reserved 1105920K
  class space    used 5109K, committed 5504K, reserved 1048576K
}

